<?xml version="1.0" encoding="UTF-8"?>
<!-- Generated by org.testng.reporters.JUnitReportReporter -->
<testsuite skipped="0" hostname="hp" name="com.Package.HomePage" tests="1" failures="0" timestamp="2020-11-19T12:30:34 IST" time="39.250" errors="0">
  <testcase name="basepagenavigation" time="39.250" classname="com.Package.HomePage"/>
  <system-out/>
</testsuite> <!-- com.Package.HomePage -->
